<?xml version="1.0" encoding="UTF-8"?>
<testng-results ignored="3" total="13" passed="9" failed="1" skipped="0">
  <reporter-output>
  </reporter-output>
  <suite started-at="2024-03-28T17:36:48 IST" name="Loan department" finished-at="2024-03-28T17:36:48 IST" duration-ms="259">
    <groups>
      <group name="Smoke">
        <method signature="Day2.Personalloan()[pri:0, instance:LearningTestNg.Day2@10d307f1]" name="Personalloan" class="LearningTestNg.Day2"/>
      </group> <!-- Smoke -->
    </groups>
    <test started-at="2024-03-28T17:36:48 IST" name="Personal Loan" finished-at="2024-03-28T17:36:48 IST" duration-ms="87">
      <class name="LearningTestNg.Day4">
        <test-method is-config="true" signature="Mobilehomesignin()[pri:0, instance:LearningTestNg.Day4@1da2cb77]" started-at="2024-03-28T17:36:48 IST" name="Mobilehomesignin" finished-at="2024-03-28T17:36:48 IST" duration-ms="1" status="PASS">
          <reporter-output>
          </reporter-output>
        </test-method> <!-- Mobilehomesignin -->
        <test-method is-config="true" signature="Beforeclass()[pri:0, instance:LearningTestNg.Day4@1da2cb77]" started-at="2024-03-28T17:36:48 IST" name="Beforeclass" finished-at="2024-03-28T17:36:48 IST" duration-ms="0" status="PASS">
          <reporter-output>
          </reporter-output>
        </test-method> <!-- Beforeclass -->
        <test-method is-config="true" signature="Beforemethod()[pri:0, instance:LearningTestNg.Day4@1da2cb77]" started-at="2024-03-28T17:36:48 IST" name="Beforemethod" finished-at="2024-03-28T17:36:48 IST" duration-ms="0" status="PASS">
          <reporter-output>
          </reporter-output>
        </test-method> <!-- Beforemethod -->
        <test-method signature="Mobilehomelogin(java.lang.String)[pri:0, instance:LearningTestNg.Day4@1da2cb77]" started-at="2024-03-28T17:36:48 IST" name="Mobilehomelogin" finished-at="2024-03-28T17:36:48 IST" duration-ms="1" status="PASS">
          <params>
            <param index="0">
              <value>
                <![CDATA[Academy.com]]>
              </value>
            </param>
          </params>
          <reporter-output>
          </reporter-output>
        </test-method> <!-- Mobilehomelogin -->
        <test-method is-config="true" signature="aftermethod()[pri:0, instance:LearningTestNg.Day4@1da2cb77]" started-at="2024-03-28T17:36:48 IST" name="aftermethod" finished-at="2024-03-28T17:36:48 IST" duration-ms="1" status="PASS">
          <reporter-output>
          </reporter-output>
        </test-method> <!-- aftermethod -->
        <test-method is-config="true" signature="Beforemethod()[pri:0, instance:LearningTestNg.Day4@1da2cb77]" started-at="2024-03-28T17:36:48 IST" name="Beforemethod" finished-at="2024-03-28T17:36:48 IST" duration-ms="0" status="PASS">
          <reporter-output>
          </reporter-output>
        </test-method> <!-- Beforemethod -->
        <test-method signature="Mobilehomeurl(java.lang.String,java.lang.String)[pri:0, instance:LearningTestNg.Day4@1da2cb77]" started-at="2024-03-28T17:36:48 IST" name="Mobilehomeurl" finished-at="2024-03-28T17:36:48 IST" duration-ms="2" status="PASS">
          <params>
            <param index="0">
              <value>
                <![CDATA[Academy.com]]>
              </value>
            </param>
            <param index="1">
              <value>
                <![CDATA[1234]]>
              </value>
            </param>
          </params>
          <reporter-output>
          </reporter-output>
        </test-method> <!-- Mobilehomeurl -->
        <test-method is-config="true" signature="aftermethod()[pri:0, instance:LearningTestNg.Day4@1da2cb77]" started-at="2024-03-28T17:36:48 IST" name="aftermethod" finished-at="2024-03-28T17:36:48 IST" duration-ms="0" status="PASS">
          <reporter-output>
          </reporter-output>
        </test-method> <!-- aftermethod -->
        <test-method is-config="true" signature="Beforemethod()[pri:0, instance:LearningTestNg.Day4@1da2cb77]" started-at="2024-03-28T17:36:48 IST" name="Beforemethod" finished-at="2024-03-28T17:36:48 IST" duration-ms="0" status="PASS">
          <reporter-output>
          </reporter-output>
        </test-method> <!-- Beforemethod -->
        <test-method signature="Webhomeloanlogin()[pri:0, instance:LearningTestNg.Day4@1da2cb77]" started-at="2024-03-28T17:36:48 IST" name="Webhomeloanlogin" finished-at="2024-03-28T17:36:48 IST" duration-ms="2" status="PASS">
          <reporter-output>
          </reporter-output>
        </test-method> <!-- Webhomeloanlogin -->
        <test-method is-config="true" signature="aftermethod()[pri:0, instance:LearningTestNg.Day4@1da2cb77]" started-at="2024-03-28T17:36:48 IST" name="aftermethod" finished-at="2024-03-28T17:36:48 IST" duration-ms="1" status="PASS">
          <reporter-output>
          </reporter-output>
        </test-method> <!-- aftermethod -->
        <test-method signature="Mobilehomesignout()[pri:0, instance:LearningTestNg.Day4@1da2cb77]" started-at="2024-03-28T17:36:48 IST" name="Mobilehomesignout" finished-at="2024-03-28T17:36:48 IST" depends-on-methods="LearningTestNg.Day4.Mobilehomelogin, LearningTestNg.Day4.Webhomeloanlogin" duration-ms="2" status="PASS">
          <reporter-output>
          </reporter-output>
        </test-method> <!-- Mobilehomesignout -->
        <test-method is-config="true" signature="Beforemethod()[pri:0, instance:LearningTestNg.Day4@1da2cb77]" started-at="2024-03-28T17:36:48 IST" name="Beforemethod" finished-at="2024-03-28T17:36:48 IST" duration-ms="0" status="PASS">
          <reporter-output>
          </reporter-output>
        </test-method> <!-- Beforemethod -->
        <test-method is-config="true" signature="aftermethod()[pri:0, instance:LearningTestNg.Day4@1da2cb77]" started-at="2024-03-28T17:36:48 IST" name="aftermethod" finished-at="2024-03-28T17:36:48 IST" duration-ms="1" status="PASS">
          <reporter-output>
          </reporter-output>
        </test-method> <!-- aftermethod -->
        <test-method is-config="true" signature="Mobilehomelogout()[pri:0, instance:LearningTestNg.Day4@1da2cb77]" started-at="2024-03-28T17:36:48 IST" name="Mobilehomelogout" finished-at="2024-03-28T17:36:48 IST" duration-ms="1" status="PASS">
          <reporter-output>
          </reporter-output>
        </test-method> <!-- Mobilehomelogout -->
        <test-method is-config="true" signature="Afterclass()[pri:0, instance:LearningTestNg.Day4@1da2cb77]" started-at="2024-03-28T17:36:48 IST" name="Afterclass" finished-at="2024-03-28T17:36:48 IST" duration-ms="0" status="PASS">
          <reporter-output>
          </reporter-output>
        </test-method> <!-- Afterclass -->
      </class> <!-- LearningTestNg.Day4 -->
      <class name="LearningTestNg.Day2">
        <test-method signature="Personalloan()[pri:0, instance:LearningTestNg.Day2@10d307f1]" started-at="2024-03-28T17:36:48 IST" name="Personalloan" finished-at="2024-03-28T17:36:48 IST" duration-ms="2" status="PASS">
          <reporter-output>
          </reporter-output>
        </test-method> <!-- Personalloan -->
      </class> <!-- LearningTestNg.Day2 -->
      <class name="LearningTestNg.Day1">
        <test-method signature="Demo()[pri:0, instance:LearningTestNg.Day1@932bc4a]" started-at="2024-03-28T17:36:48 IST" name="Demo" finished-at="2024-03-28T17:36:48 IST" duration-ms="7" status="PASS">
          <reporter-output>
          </reporter-output>
        </test-method> <!-- Demo -->
      </class> <!-- LearningTestNg.Day1 -->
    </test> <!-- Personal Loan -->
    <test started-at="2024-03-28T17:36:48 IST" name="Car Loan" finished-at="2024-03-28T17:36:48 IST" duration-ms="26">
      <class name="LearningTestNg.Day4">
        <test-method is-config="true" signature="Atersuit()[pri:0, instance:LearningTestNg.Day4@1da2cb77]" started-at="2024-03-28T17:36:48 IST" name="Atersuit" finished-at="2024-03-28T17:36:48 IST" duration-ms="1" status="PASS">
          <reporter-output>
          </reporter-output>
        </test-method> <!-- Atersuit -->
      </class> <!-- LearningTestNg.Day4 -->
      <class name="LearningTestNg.Day3">
        <test-method is-config="true" signature="beforesuite()[pri:0, instance:LearningTestNg.Day3@59505b48]" started-at="2024-03-28T17:36:48 IST" name="beforesuite" finished-at="2024-03-28T17:36:48 IST" duration-ms="12" status="PASS">
          <reporter-output>
          </reporter-output>
        </test-method> <!-- beforesuite -->
        <test-method signature="Apicarlogout()[pri:0, instance:LearningTestNg.Day3@59505b48]" started-at="2024-03-28T17:36:48 IST" name="Apicarlogout" finished-at="2024-03-28T17:36:48 IST" duration-ms="10" status="FAIL">
          <exception class="java.lang.AssertionError">
            <message>
              <![CDATA[expected [true] but found [false]]]>
            </message>
            <full-stacktrace>
              <![CDATA[java.lang.AssertionError: expected [true] but found [false]
at org.testng.Assert.fail(Assert.java:99)
at org.testng.Assert.failNotEquals(Assert.java:1037)
at org.testng.Assert.assertTrue(Assert.java:45)
at org.testng.Assert.assertTrue(Assert.java:55)
at LearningTestNg.Day3.Apicarlogout(Day3.java:37)
at java.base/jdk.internal.reflect.NativeMethodAccessorImpl.invoke0(Native Method)
at java.base/jdk.internal.reflect.NativeMethodAccessorImpl.invoke(NativeMethodAccessorImpl.java:77)
at java.base/jdk.internal.reflect.DelegatingMethodAccessorImpl.invoke(DelegatingMethodAccessorImpl.java:43)
at java.base/java.lang.reflect.Method.invoke(Method.java:568)
at org.testng.internal.MethodInvocationHelper.invokeMethod(MethodInvocationHelper.java:133)
at org.testng.internal.InvokeMethodRunnable.runOne(InvokeMethodRunnable.java:45)
at org.testng.internal.InvokeMethodRunnable.call(InvokeMethodRunnable.java:73)
at org.testng.internal.InvokeMethodRunnable.call(InvokeMethodRunnable.java:11)
at java.base/java.util.concurrent.FutureTask.run(FutureTask.java:264)
at java.base/java.util.concurrent.ThreadPoolExecutor.runWorker(ThreadPoolExecutor.java:1136)
at java.base/java.util.concurrent.ThreadPoolExecutor$Worker.run(ThreadPoolExecutor.java:635)
at java.base/java.lang.Thread.run(Thread.java:840)
]]>
            </full-stacktrace>
          </exception> <!-- java.lang.AssertionError -->
          <reporter-output>
          </reporter-output>
        </test-method> <!-- Apicarlogout -->
        <test-method signature="Mobilecarsignin(java.lang.String,java.lang.String)[pri:0, instance:LearningTestNg.Day3@59505b48]" started-at="2024-03-28T17:36:48 IST" name="Mobilecarsignin" data-provider="getdata" finished-at="2024-03-28T17:36:48 IST" duration-ms="2" status="PASS">
          <params>
            <param index="0">
              <value>
                <![CDATA[Firstusername]]>
              </value>
            </param>
            <param index="1">
              <value>
                <![CDATA[Firstpwd]]>
              </value>
            </param>
          </params>
          <reporter-output>
          </reporter-output>
        </test-method> <!-- Mobilecarsignin -->
        <test-method signature="Mobilecarsignin(java.lang.String,java.lang.String)[pri:0, instance:LearningTestNg.Day3@59505b48]" started-at="2024-03-28T17:36:48 IST" name="Mobilecarsignin" data-provider="getdata" finished-at="2024-03-28T17:36:48 IST" duration-ms="2" status="PASS">
          <params>
            <param index="0">
              <value>
                <![CDATA[Secondusername]]>
              </value>
            </param>
            <param index="1">
              <value>
                <![CDATA[Secondpwd]]>
              </value>
            </param>
          </params>
          <reporter-output>
          </reporter-output>
        </test-method> <!-- Mobilecarsignin -->
        <test-method signature="Mobilecarsignin(java.lang.String,java.lang.String)[pri:0, instance:LearningTestNg.Day3@59505b48]" started-at="2024-03-28T17:36:48 IST" name="Mobilecarsignin" data-provider="getdata" finished-at="2024-03-28T17:36:48 IST" duration-ms="1" status="PASS">
          <params>
            <param index="0">
              <value>
                <![CDATA[Thirdusername]]>
              </value>
            </param>
            <param index="1">
              <value>
                <![CDATA[Thirdpwd]]>
              </value>
            </param>
          </params>
          <reporter-output>
          </reporter-output>
        </test-method> <!-- Mobilecarsignin -->
        <test-method is-config="true" signature="Webcarloanlogin()[pri:0, instance:LearningTestNg.Day3@59505b48]" started-at="2024-03-28T17:36:48 IST" name="Webcarloanlogin" finished-at="2024-03-28T17:36:48 IST" duration-ms="0" status="PASS">
          <reporter-output>
          </reporter-output>
        </test-method> <!-- Webcarloanlogin -->
      </class> <!-- LearningTestNg.Day3 -->
    </test> <!-- Car Loan -->
  </suite> <!-- Loan department -->
</testng-results>
