<?xml version="1.0" encoding="UTF-8"?>
<testng-results ignored="0" total="1" passed="1" failed="0" skipped="0">
  <reporter-output>
  </reporter-output>
  <suite started-at="2024-02-07T13:28:18 IST" name="Default suite" finished-at="2024-02-07T13:28:18 IST" duration-ms="58">
    <groups>
    </groups>
    <test started-at="2024-02-07T13:28:18 IST" name="Default test" finished-at="2024-02-07T13:28:18 IST" duration-ms="58">
      <class name="Inheritance.PS1">
        <test-method signature="Demo()[pri:0, instance:Inheritance.PS1@732c2a62]" started-at="2024-02-07T13:28:18 IST" name="Demo" finished-at="2024-02-07T13:28:18 IST" duration-ms="14" status="PASS">
          <reporter-output>
          </reporter-output>
        </test-method> <!-- Demo -->
      </class> <!-- Inheritance.PS1 -->
    </test> <!-- Default test -->
  </suite> <!-- Default suite -->
</testng-results>
