<?xml version="1.0" encoding="UTF-8"?>
<!-- Generated by org.testng.reporters.JUnitXMLReporter -->
<testsuite ignored="2" hostname="IN-PF2HXTL8" failures="1" tests="4" name="Car Loan" time="0.075" errors="0" timestamp="2024-02-06T17:21:47 IST">
  <testcase classname="LearningTestNg.Day3" name="Apicarlogout" time="0.012">
    <failure type="java.lang.AssertionError" message="expected [true] but found [false]">
      <![CDATA[java.lang.AssertionError: expected [true] but found [false]
at LearningTestNg.Day3.Apicarlogout(Day3.java:37)
at java.base/java.util.concurrent.FutureTask.run(FutureTask.java:264)
at java.base/java.util.concurrent.ThreadPoolExecutor.runWorker(ThreadPoolExecutor.java:1136)
at java.base/java.util.concurrent.ThreadPoolExecutor$Worker.run(ThreadPoolExecutor.java:635)
at java.base/java.lang.Thread.run(Thread.java:840)
... Removed 12 stack frames]]>
    </failure>
  </testcase> <!-- Apicarlogout -->
  <testcase classname="LearningTestNg.Day3" name="Mobilecarsignin" time="0.001"/>
  <testcase classname="LearningTestNg.Day3" name="Mobilecarsignin" time="0.002"/>
  <testcase classname="LearningTestNg.Day3" name="Mobilecarsignin" time="0.003"/>
  <testcase classname="LearningTestNg.Day3" name="Mobilecarlogin" time="0.0">
    <ignored/>
  </testcase> <!-- Mobilecarlogin -->
  <testcase classname="LearningTestNg.Day3" name="Apicarlogin" time="0.0">
    <ignored/>
  </testcase> <!-- Apicarlogin -->
</testsuite> <!-- Car Loan -->
