<?xml version="1.0" encoding="UTF-8"?>
<!-- Generated by org.testng.reporters.JUnitXMLReporter -->
<testsuite ignored="1" hostname="IN-PF2HXTL8" failures="0" tests="6" name="Personal Loan" time="0.081" errors="0" timestamp="2024-02-06T17:21:47 IST">
  <testcase classname="LearningTestNg.Day1" name="Demo" time="0.008"/>
  <testcase classname="LearningTestNg.Day2" name="Personalloan" time="0.002"/>
  <testcase classname="LearningTestNg.Day4" name="Mobilehomelogin" time="0.008"/>
  <testcase classname="LearningTestNg.Day4" name="Mobilehomeurl" time="0.002"/>
  <testcase classname="LearningTestNg.Day4" name="Webhomeloanlogin" time="0.001"/>
  <testcase classname="LearningTestNg.Day4" name="Mobilehomesignout" time="0.001"/>
  <testcase classname="LearningTestNg.Day4" name="Apihomelogin" time="0.0">
    <ignored/>
  </testcase> <!-- Apihomelogin -->
</testsuite> <!-- Personal Loan -->
