<?xml version="1.0" encoding="UTF-8"?>
<!-- Generated by org.testng.reporters.JUnitXMLReporter -->
<testsuite ignored="4" hostname="IN-PF2HXTL8" failures="0" tests="3" name="Regression" time="0.051" errors="0" timestamp="2024-02-06T14:20:15 IST">
  <testcase classname="LearningTestNg.Day2" name="Personalloan" time="0.008"/>
  <testcase classname="LearningTestNg.Day4" name="Apihomelogin" time="0.001"/>
  <testcase classname="LearningTestNg.Day3" name="Mobilecarlogin" time="0.002"/>
  <testcase classname="LearningTestNg.Day4" name="Webhomeloanlogin" time="0.0">
    <ignored/>
  </testcase> <!-- Webhomeloanlogin -->
  <testcase classname="LearningTestNg.Day3" name="Apicarlogin" time="0.0">
    <ignored/>
  </testcase> <!-- Apicarlogin -->
  <testcase classname="LearningTestNg.Day4" name="Mobilehomelogin" time="0.0">
    <ignored/>
  </testcase> <!-- Mobilehomelogin -->
  <testcase classname="LearningTestNg.Day1" name="Demo" time="0.0">
    <ignored/>
  </testcase> <!-- Demo -->
</testsuite> <!-- Regression -->
