<?xml version="1.0" encoding="UTF-8"?>
<testng-results ignored="0" total="1" passed="1" failed="0" skipped="0">
  <reporter-output>
  </reporter-output>
  <suite started-at="2024-03-28T17:33:42 IST" name="Default suite" finished-at="2024-03-28T17:34:08 IST" duration-ms="26384">
    <groups>
    </groups>
    <test started-at="2024-03-28T17:33:42 IST" name="Default test" finished-at="2024-03-28T17:34:08 IST" duration-ms="26384">
      <class name="UploadandDownload">
        <test-method signature="Upload()[pri:0, instance:UploadandDownload@74751b3]" started-at="2024-03-28T17:33:42 IST" name="Upload" finished-at="2024-03-28T17:34:08 IST" duration-ms="26346" status="PASS">
          <reporter-output>
          </reporter-output>
        </test-method> <!-- Upload -->
      </class> <!-- UploadandDownload -->
    </test> <!-- Default test -->
  </suite> <!-- Default suite -->
</testng-results>
