<?xml version="1.0" encoding="UTF-8"?>
<testng-results ignored="0" total="1" passed="1" failed="0" skipped="0">
  <reporter-output>
  </reporter-output>
  <suite started-at="2024-02-02T21:44:05 IST" name="Default suite" finished-at="2024-02-02T21:44:05 IST" duration-ms="62">
    <groups>
    </groups>
    <test started-at="2024-02-02T21:44:05 IST" name="Default test" finished-at="2024-02-02T21:44:05 IST" duration-ms="62">
      <class name="Streams.Basic">
        <test-method signature="Collect()[pri:0, instance:Streams.Basic@67c33749]" started-at="2024-02-02T21:44:05 IST" name="Collect" finished-at="2024-02-02T21:44:05 IST" duration-ms="15" status="PASS">
          <reporter-output>
          </reporter-output>
        </test-method> <!-- Collect -->
      </class> <!-- Streams.Basic -->
    </test> <!-- Default test -->
  </suite> <!-- Default suite -->
</testng-results>
