<?xml version="1.0" encoding="UTF-8"?>
<!-- Generated by org.testng.reporters.JUnitXMLReporter -->
<testsuite ignored="0" hostname="IN-PF2HXTL8" failures="1" tests="3" name="Error Validations" time="47.906" errors="0" timestamp="2024-03-27T18:56:03 IST">
  <testcase classname="Rajeshlearning.tests.ErrorValidations" name="loginErrorValidation" time="0.761">
    <skipped/>
  </testcase> <!-- loginErrorValidation -->
  <testcase classname="Rajeshlearning.tests.ErrorValidations" name="loginErrorValidation" time="1.03">
    <failure type="java.lang.AssertionError" message="expected [Incorrect email or password.] but found [Incorrect email or password]">
      <![CDATA[java.lang.AssertionError: expected [Incorrect email or password.] but found [Incorrect email or password]
at Rajeshlearning.tests.ErrorValidations.loginErrorValidation(ErrorValidations.java:21)
at java.base/java.util.ArrayList.forEach(ArrayList.java:1511)
at java.base/java.util.concurrent.FutureTask.run(FutureTask.java:264)
at java.base/java.util.concurrent.ThreadPoolExecutor.runWorker(ThreadPoolExecutor.java:1136)
at java.base/java.util.concurrent.ThreadPoolExecutor$Worker.run(ThreadPoolExecutor.java:635)
at java.base/java.lang.Thread.run(Thread.java:840)
... Removed 24 stack frames]]>
    </failure>
  </testcase> <!-- loginErrorValidation -->
  <testcase classname="Rajeshlearning.tests.ErrorValidations" name="productErrorValidation" time="2.771"/>
</testsuite> <!-- Error Validations -->
