<?xml version="1.0" encoding="UTF-8"?>
<!-- Generated by org.testng.reporters.JUnitXMLReporter -->
<testsuite ignored="0" hostname="IN-PF2HXTL8" failures="0" tests="3" name="Submit Order Test" time="28.154" errors="0" timestamp="2024-02-13T18:23:25 IST">
  <testcase classname="Rajeshlearning.tests.SubmitOrderTest" name="submitOrder" time="4.111"/>
  <testcase classname="Rajeshlearning.tests.SubmitOrderTest" name="submitOrder" time="4.267"/>
  <testcase classname="Rajeshlearning.tests.SubmitOrderTest" name="orderHistoryTest" time="0.782"/>
</testsuite> <!-- Submit Order Test -->
