<?xml version="1.0" encoding="UTF-8"?>
<testng-results ignored="0" total="2" passed="2" failed="0" skipped="0">
  <reporter-output>
  </reporter-output>
  <suite started-at="2024-02-19T17:47:12 IST" name="Suite" finished-at="2024-02-19T17:47:35 IST" duration-ms="23600">
    <groups>
      <group name="purchase">
        <method signature="SubmitOrderTest.submitOrder(java.util.HashMap)[pri:0, instance:Rajeshlearning.tests.SubmitOrderTest@6b927fb]" name="submitOrder" class="Rajeshlearning.tests.SubmitOrderTest"/>
      </group> <!-- purchase -->
    </groups>
    <test started-at="2024-02-19T17:47:12 IST" name="Error Validations" finished-at="2024-02-19T17:47:12 IST" duration-ms="12">
    </test> <!-- Error Validations -->
    <test started-at="2024-02-19T17:47:12 IST" name="Submit Order Test" finished-at="2024-02-19T17:47:35 IST" duration-ms="23600">
      <class name="Rajeshlearning.tests.SubmitOrderTest">
        <test-method is-config="true" signature="launchApplication()[pri:0, instance:Rajeshlearning.tests.SubmitOrderTest@6b927fb]" started-at="2024-02-19T17:47:12 IST" name="launchApplication" finished-at="2024-02-19T17:47:19 IST" duration-ms="7238" status="PASS">
          <reporter-output>
          </reporter-output>
        </test-method> <!-- launchApplication -->
        <test-method signature="submitOrder(java.util.HashMap)[pri:0, instance:Rajeshlearning.tests.SubmitOrderTest@6b927fb]" started-at="2024-02-19T17:47:19 IST" name="submitOrder" data-provider="getData" finished-at="2024-02-19T17:47:23 IST" duration-ms="3684" status="PASS">
          <params>
            <param index="0">
              <value>
                <![CDATA[{pwd=Rajesh123, prodname=ZARA COAT 3, email=Rajesh@gmail.com}]]>
              </value>
            </param>
          </params>
          <reporter-output>
          </reporter-output>
        </test-method> <!-- submitOrder -->
        <test-method is-config="true" signature="tearDown()[pri:0, instance:Rajeshlearning.tests.SubmitOrderTest@6b927fb]" started-at="2024-02-19T17:47:23 IST" name="tearDown" finished-at="2024-02-19T17:47:23 IST" duration-ms="413" status="PASS">
          <reporter-output>
          </reporter-output>
        </test-method> <!-- tearDown -->
        <test-method is-config="true" signature="launchApplication()[pri:0, instance:Rajeshlearning.tests.SubmitOrderTest@6b927fb]" started-at="2024-02-19T17:47:23 IST" name="launchApplication" finished-at="2024-02-19T17:47:30 IST" duration-ms="6720" status="PASS">
          <reporter-output>
          </reporter-output>
        </test-method> <!-- launchApplication -->
        <test-method signature="submitOrder(java.util.HashMap)[pri:0, instance:Rajeshlearning.tests.SubmitOrderTest@6b927fb]" started-at="2024-02-19T17:47:30 IST" name="submitOrder" data-provider="getData" finished-at="2024-02-19T17:47:35 IST" duration-ms="4716" status="PASS">
          <params>
            <param index="0">
              <value>
                <![CDATA[{pwd=Sai@1234, prodname=ADIDAS ORIGINAL, email=SaiRam@gmail.com}]]>
              </value>
            </param>
          </params>
          <reporter-output>
          </reporter-output>
        </test-method> <!-- submitOrder -->
        <test-method is-config="true" signature="tearDown()[pri:0, instance:Rajeshlearning.tests.SubmitOrderTest@6b927fb]" started-at="2024-02-19T17:47:35 IST" name="tearDown" finished-at="2024-02-19T17:47:35 IST" duration-ms="472" status="PASS">
          <reporter-output>
          </reporter-output>
        </test-method> <!-- tearDown -->
      </class> <!-- Rajeshlearning.tests.SubmitOrderTest -->
    </test> <!-- Submit Order Test -->
  </suite> <!-- Suite -->
</testng-results>
