<?xml version="1.0" encoding="UTF-8"?>
<!-- Generated by org.testng.reporters.JUnitXMLReporter -->
<testsuite ignored="0" hostname="IN-PF2HXTL8" failures="0" tests="7" name="Test" time="0.058" errors="0" timestamp="2024-02-06T14:12:45 IST">
  <testcase classname="LearningTestNg.Day1" name="Demo" time="0.005"/>
  <testcase classname="LearningTestNg.Day2" name="Personalloan" time="0.001"/>
  <testcase classname="LearningTestNg.Day3" name="Apicarlogin" time="0.001"/>
  <testcase classname="LearningTestNg.Day3" name="Mobilecarlogin" time="0.001"/>
  <testcase classname="LearningTestNg.Day4" name="Apihomelogin" time="0.001"/>
  <testcase classname="LearningTestNg.Day4" name="Mobilehomelogin" time="0.001"/>
  <testcase classname="LearningTestNg.Day4" name="Webhomeloanlogin" time="0.002"/>
</testsuite> <!-- Test -->
