<?xml version="1.0" encoding="UTF-8"?>
<!-- Generated by org.testng.reporters.JUnitXMLReporter -->
<testsuite ignored="1" hostname="IN-PF2HXTL8" failures="0" tests="2" name="Submit Order Test" time="23.6" errors="0" timestamp="2024-02-19T17:47:35 IST">
  <testcase classname="Rajeshlearning.tests.SubmitOrderTest" name="submitOrder" time="3.684"/>
  <testcase classname="Rajeshlearning.tests.SubmitOrderTest" name="submitOrder" time="4.716"/>
  <testcase classname="Rajeshlearning.tests.SubmitOrderTest" name="orderHistoryTest" time="0.0">
    <ignored/>
  </testcase> <!-- orderHistoryTest -->
</testsuite> <!-- Submit Order Test -->
